<?xml version="1.0" encoding="UTF-8"?>
<!-- Generated by org.testng.reporters.JUnitReportReporter -->
<testsuite hostname="DESKTOP-PKDHEAH" failures="0" tests="2" name="variousConcepts.LoginTest" time="23.453" errors="0" timestamp="2022-05-13T19:51:44 CDT" skipped="0">
  <testcase classname="variousConcepts.LoginTest" name="negLoginTest" time="11.781"/>
  <system-out/>
  <testcase classname="variousConcepts.LoginTest" name="loginTest" time="11.672"/>
  <system-out/>
</testsuite> <!-- variousConcepts.LoginTest -->
